State 8 conflicts: 2 shift/reduce


Grammar

    0 $accept: total $end

    1 total: expression EQUAL

    2 expression: expression expression PLUS
    3           | expression expression TIMES
    4           | expression expression SUBSTARCT
    5           | expression DIVIDE expression
    6           | NUMBER


Terminals, with rules where they appear

    $end (0) 0
    error (256)
    PLUS (258) 2
    TIMES (259) 3
    NUMBER (260) 6
    EQUAL (261) 1
    SUBSTARCT (262) 4
    DIVIDE (263) 5


Nonterminals, with rules where they appear

    $accept (9)
        on left: 0
    total (10)
        on left: 1
        on right: 0
    expression (11)
        on left: 2 3 4 5 6
        on right: 1 2 3 4 5


State 0

    0 $accept: . total $end

    NUMBER  shift, and go to state 1

    total       go to state 2
    expression  go to state 3


State 1

    6 expression: NUMBER .

    $default  reduce using rule 6 (expression)


State 2

    0 $accept: total . $end

    $end  shift, and go to state 4


State 3

    1 total: expression . EQUAL
    2 expression: expression . expression PLUS
    3           | expression . expression TIMES
    4           | expression . expression SUBSTARCT
    5           | expression . DIVIDE expression

    NUMBER  shift, and go to state 1
    EQUAL   shift, and go to state 5
    DIVIDE  shift, and go to state 6

    expression  go to state 7


State 4

    0 $accept: total $end .

    $default  accept


State 5

    1 total: expression EQUAL .

    $default  reduce using rule 1 (total)


State 6

    5 expression: expression DIVIDE . expression

    NUMBER  shift, and go to state 1

    expression  go to state 8


State 7

    2 expression: expression . expression PLUS
    2           | expression expression . PLUS
    3           | expression . expression TIMES
    3           | expression expression . TIMES
    4           | expression . expression SUBSTARCT
    4           | expression expression . SUBSTARCT
    5           | expression . DIVIDE expression

    PLUS       shift, and go to state 9
    TIMES      shift, and go to state 10
    NUMBER     shift, and go to state 1
    SUBSTARCT  shift, and go to state 11
    DIVIDE     shift, and go to state 6

    expression  go to state 7


State 8

    2 expression: expression . expression PLUS
    3           | expression . expression TIMES
    4           | expression . expression SUBSTARCT
    5           | expression . DIVIDE expression
    5           | expression DIVIDE expression .

    NUMBER  shift, and go to state 1
    DIVIDE  shift, and go to state 6

    NUMBER    [reduce using rule 5 (expression)]
    DIVIDE    [reduce using rule 5 (expression)]
    $default  reduce using rule 5 (expression)

    expression  go to state 7


State 9

    2 expression: expression expression PLUS .

    $default  reduce using rule 2 (expression)


State 10

    3 expression: expression expression TIMES .

    $default  reduce using rule 3 (expression)


State 11

    4 expression: expression expression SUBSTARCT .

    $default  reduce using rule 4 (expression)
